{"meta": {"format": 3, "version": "7.13.4", "timestamp": "2026-03-03T21:07:49.956146", "branch_coverage": false, "show_contexts": false}, "files": {"quent/__init__.py": {"executed_lines": [16, 17, 18, 19, 21, 22, 26, 27, 30, 38, 39, 41, 43, 44, 45, 46, 47, 49], "summary": {"covered_lines": 18, "num_statements": 20, "percent_covered": 90.0, "percent_covered_display": "90", "missing_lines": 2, "excluded_lines": 0, "percent_statements_covered": 90.0, "percent_statements_covered_display": "90"}, "missing_lines": [23, 24], "excluded_lines": [], "functions": {"_patched_te_init": {"executed_lines": [44, 45, 46, 47], "summary": {"covered_lines": 4, "num_statements": 4, "percent_covered": 100.0, "percent_covered_display": "100", "missing_lines": 0, "excluded_lines": 0, "percent_statements_covered": 100.0, "percent_statements_covered_display": "100"}, "missing_lines": [], "excluded_lines": [], "start_line": 43}, "": {"executed_lines": [16, 17, 18, 19, 21, 22, 26, 27, 30, 38, 39, 41, 43, 49], "summary": {"covered_lines": 14, "num_statements": 16, "percent_covered": 87.5, "percent_covered_display": "88", "missing_lines": 2, "excluded_lines": 0, "percent_statements_covered": 87.5, "percent_statements_covered_display": "88"}, "missing_lines": [23, 24], "excluded_lines": [], "start_line": 1}}, "classes": {"": {"executed_lines": [16, 17, 18, 19, 21, 22, 26, 27, 30, 38, 39, 41, 43, 44, 45, 46, 47, 49], "summary": {"covered_lines": 18, "num_statements": 20, "percent_covered": 90.0, "percent_covered_display": "90", "missing_lines": 2, "excluded_lines": 0, "percent_statements_covered": 90.0, "percent_statements_covered_display": "90"}, "missing_lines": [23, 24], "excluded_lines": [], "start_line": 1}}}, "quent/_async_utils.pxi": {"executed_lines": [29, 30, 33, 34, 35, 36, 37, 39, 42, 43, 48, 54], "summary": {"covered_lines": 12, "num_statements": 20, "percent_covered": 60.0, "percent_covered_display": "60", "missing_lines": 8, "excluded_lines": 0, "percent_statements_covered": 60.0, "percent_statements_covered_display": "60"}, "missing_lines": [12, 14, 22, 23, 26, 32, 46, 51], "excluded_lines": []}, "quent/_chain_core.pxi": {"executed_lines": [63, 67, 68, 69, 70, 71, 72, 73, 74, 76, 77, 78, 80, 84, 85, 86, 87, 89, 90, 91, 92, 93, 94, 96, 97, 98, 102, 103, 104, 105, 107, 109, 110, 111, 112, 113, 114, 116, 117, 118, 120, 122, 123, 124, 125, 126, 127, 128, 129, 130, 131, 132, 133, 134, 135, 136, 137, 138, 139, 140, 141, 143, 146, 147, 148, 149, 150, 151, 152, 153, 155, 156, 157, 158, 159, 160, 161, 162, 163, 164, 165, 166, 167, 168, 169, 171, 172, 174, 175, 176, 179, 180, 182, 183, 184, 185, 187, 188, 189, 190, 191, 192, 193, 194, 195, 196, 197, 198, 199, 200, 201, 202, 203, 204, 207, 209, 210, 211, 212, 213, 218, 219, 220, 221, 222, 223, 224, 225, 226, 227, 228, 229, 230, 231, 232, 233, 234, 235, 236, 237, 240, 249, 252, 253, 254, 255, 256, 257, 258, 259, 262, 263, 265, 266, 267, 268, 269, 270, 271, 272, 273, 275, 276, 277, 278, 279, 281, 282, 283, 284, 286, 287, 289, 290, 291, 293, 294, 295, 296, 297, 299, 300, 301, 302, 304, 305, 306, 307, 308, 309, 310, 311, 312, 313, 314, 315, 316, 317, 318, 319, 320, 321, 322, 323, 327, 328, 329, 330, 331, 332, 333, 334, 339, 340, 344, 347, 348, 349, 350, 351, 353, 354, 355, 357, 359, 360, 361, 362, 363, 364, 365, 366, 367, 368, 369, 371, 380, 381, 382, 383, 384, 385, 386, 387, 388, 389, 390, 391, 393, 394, 395, 397, 398, 399, 400, 401, 402, 404, 405, 406, 408, 409, 411, 412, 413, 414, 416, 417, 418, 419, 420, 421, 422, 424, 425, 430, 432, 433, 434, 435, 437, 438, 439, 440, 441, 442, 443, 444, 446, 447, 448, 449, 450, 452, 453, 454, 456, 457, 458, 459, 460, 462, 463, 464, 465, 467, 468, 469, 470, 471, 472, 473, 474, 475, 476, 480, 481, 482, 483, 484, 488, 489, 493, 494, 495, 499, 501, 502, 503, 504, 505, 506, 509, 510, 512, 513, 514, 515, 516, 517, 519, 521, 522, 523, 524, 525, 526, 527, 529, 530, 533, 534, 536, 538, 542, 546, 550, 551, 552, 553, 555, 556, 557, 570, 571, 575, 576, 580, 581, 582, 583, 584, 585, 586, 587, 589, 591, 592, 593, 594, 598, 599, 600, 601, 605, 609, 610, 612, 613, 617, 618, 622, 623, 627, 628, 632, 633, 638, 643, 647, 648, 649, 650, 651, 655, 656, 657, 658, 660, 661, 662, 666, 670], "summary": {"covered_lines": 413, "num_statements": 437, "percent_covered": 94.50800915331808, "percent_covered_display": "95", "missing_lines": 24, "excluded_lines": 0, "percent_statements_covered": 94.50800915331808, "percent_statements_covered_display": "95"}, "missing_lines": [56, 65, 82, 100, 217, 243, 280, 326, 335, 336, 337, 338, 342, 345, 423, 427, 548, 554, 635, 636, 640, 641, 653, 659], "excluded_lines": []}, "quent/_control_flow.pxi": {"executed_lines": [21, 22, 23, 27, 42, 43, 44, 49, 50, 51, 52, 53, 65, 66, 67, 68, 72, 73, 74, 76, 77, 78, 79, 80, 81, 82, 83, 84, 85, 86, 87, 88, 90, 92, 93, 94, 95, 96, 108, 109, 114, 115, 116, 117, 118, 119, 120, 121, 122, 126, 127, 128, 129, 130, 131, 137, 138, 139, 140, 141, 142, 143, 144, 145, 146, 147, 148, 149, 150, 151, 152, 160, 161, 162, 163, 165, 166, 167, 169, 170, 171, 172, 173, 180, 181, 182, 183, 184, 185, 186, 187, 188, 190, 191, 192, 193, 194, 196, 198, 199, 200, 202, 203, 204, 205, 206, 208, 209, 210, 211, 212, 222, 223, 224, 225, 229, 230, 231, 232, 233, 234, 238, 242, 246], "summary": {"covered_lines": 124, "num_statements": 137, "percent_covered": 90.51094890510949, "percent_covered_display": "91", "missing_lines": 13, "excluded_lines": 0, "percent_statements_covered": 90.51094890510949, "percent_statements_covered_display": "91"}, "missing_lines": [40, 47, 99, 112, 124, 134, 157, 176, 227, 253, 254, 255, 256], "excluded_lines": []}, "quent/_diagnostics.pxi": {"executed_lines": [29, 30, 34, 35, 37, 39, 40, 42, 44, 45, 48, 49, 50, 52, 57, 58, 59, 60, 61, 62, 63, 68, 69, 70, 73, 76, 77, 78, 80, 89, 90, 91, 92, 96, 98, 99, 100, 101, 102, 103, 104, 105, 106, 107, 119, 120, 122, 123, 124, 125, 126, 127, 128, 130, 131, 133, 134, 135, 137, 138, 141, 142, 143, 145, 147, 148, 151, 152, 153, 160, 161, 163, 166, 173, 178, 182, 183, 184, 185, 187, 188, 189, 190, 191, 193, 194, 195, 197, 198, 199, 200, 201, 202, 203, 205, 206, 207, 208, 209, 210, 212, 216, 217, 218, 219, 220, 224, 225, 226, 230, 231, 232, 234, 235, 236, 237, 238, 239, 246, 247, 248, 249, 250, 251, 252, 254, 255, 256, 257, 258, 259, 260, 261, 262, 263, 264, 265, 266, 267, 269, 271, 273, 274, 275, 276, 277, 278, 279, 280, 282, 284, 286, 287, 288, 289, 290, 291, 292, 293, 294, 298, 299, 300, 301, 302, 309, 310, 311, 312, 318], "summary": {"covered_lines": 170, "num_statements": 204, "percent_covered": 83.33333333333333, "percent_covered_display": "83", "missing_lines": 34, "excluded_lines": 0, "percent_statements_covered": 83.33333333333333, "percent_statements_covered_display": "83"}, "missing_lines": [15, 16, 18, 19, 20, 21, 22, 23, 27, 55, 66, 84, 94, 111, 140, 157, 162, 164, 167, 168, 169, 170, 172, 177, 181, 215, 223, 229, 281, 297, 306, 308, 314, 316], "excluded_lines": []}, "quent/_internal.py": {"executed_lines": [1], "summary": {"covered_lines": 1, "num_statements": 1, "percent_covered": 100.0, "percent_covered_display": "100", "missing_lines": 0, "excluded_lines": 0, "percent_statements_covered": 100.0, "percent_statements_covered_display": "100"}, "missing_lines": [], "excluded_lines": [], "functions": {"": {"executed_lines": [1], "summary": {"covered_lines": 1, "num_statements": 1, "percent_covered": 100.0, "percent_covered_display": "100", "missing_lines": 0, "excluded_lines": 0, "percent_statements_covered": 100.0, "percent_statements_covered_display": "100"}, "missing_lines": [], "excluded_lines": [], "start_line": 1}}, "classes": {"": {"executed_lines": [1], "summary": {"covered_lines": 1, "num_statements": 1, "percent_covered": 100.0, "percent_covered_display": "100", "missing_lines": 0, "excluded_lines": 0, "percent_statements_covered": 100.0, "percent_statements_covered_display": "100"}, "missing_lines": [], "excluded_lines": [], "start_line": 1}}}, "quent/_iteration.pxi": {"executed_lines": [33, 34, 35, 45, 46, 47, 49, 50, 51, 52, 53, 54, 55, 56, 57, 58, 60, 61, 62, 63, 64, 65, 66, 67, 74, 75, 80, 81, 82, 83, 84, 85, 87, 88, 89, 90, 91, 92, 93, 94, 95, 96, 97, 98, 99, 100, 101, 106, 108, 109, 110, 111, 112, 113, 114, 116, 117, 118, 119, 120, 121, 122, 123, 124, 125, 126, 127, 147, 148, 158, 159, 160, 162, 163, 164, 165, 166, 167, 168, 169, 170, 171, 172, 173, 174, 175, 176, 181, 182, 187, 188, 189, 190, 191, 192, 193, 194, 195, 196, 197, 198, 199, 200, 201, 206, 208, 209, 210, 211, 212, 213, 214, 215, 216, 217, 218, 219, 220, 232, 233, 238, 240, 241, 242, 243, 244, 245, 246, 247, 248, 253, 254, 260, 261, 262, 263, 264, 265, 266, 267, 268, 269, 287, 288, 289, 296, 297, 298, 300, 301, 302, 303, 304, 305, 306, 307, 308, 309, 310, 312, 313, 314, 315, 316, 317, 318, 319, 320, 325, 326, 331, 332, 333, 334, 335, 336, 338, 339, 340, 341, 342, 343, 344, 345, 346, 347, 348, 349, 350, 351, 352, 353, 358, 360, 361, 362, 363, 364, 365, 366, 367, 369, 370, 371, 372, 373, 374, 375, 376, 377, 378, 379, 380, 381], "summary": {"covered_lines": 214, "num_statements": 233, "percent_covered": 91.84549356223177, "percent_covered_display": "92", "missing_lines": 19, "excluded_lines": 0, "percent_statements_covered": 91.84549356223177, "percent_statements_covered_display": "92"}, "missing_lines": [70, 78, 104, 179, 185, 204, 251, 257, 323, 329, 356, 386, 387, 388, 389, 390, 391, 392, 393], "excluded_lines": []}, "quent/_link.pxi": {"executed_lines": [18, 19, 20, 21, 22, 23, 24, 38, 39, 40, 42, 43, 44, 45, 46, 47, 49, 51, 53, 56, 58, 60, 105, 106, 107, 108, 110, 111, 113, 114, 115, 116, 117, 118, 119, 120, 122, 123, 124, 125, 126, 131, 132, 133, 134, 135, 136, 137, 138, 139, 140, 141, 142, 143, 145, 146, 147, 152, 154, 155, 156, 157, 158, 159, 160, 161, 166, 167, 168, 169, 170, 171, 172, 173, 174, 175, 176, 177, 178, 179, 180, 181, 192, 193, 194, 195, 197, 200, 201, 203, 207, 209, 217, 218, 222, 224, 225, 226, 228], "summary": {"covered_lines": 99, "num_statements": 114, "percent_covered": 86.84210526315789, "percent_covered_display": "87", "missing_lines": 15, "excluded_lines": 0, "percent_statements_covered": 86.84210526315789, "percent_statements_covered_display": "87"}, "missing_lines": [16, 26, 29, 50, 59, 112, 129, 150, 153, 164, 184, 206, 211, 221, 223], "excluded_lines": []}, "quent/_operators.pxi": {"executed_lines": [34, 37, 38, 39, 47, 48, 51, 52, 62, 66, 67, 68, 69, 70, 71, 72, 81, 82, 84, 87, 89, 91, 92, 93, 95, 96, 98, 101], "summary": {"covered_lines": 28, "num_statements": 32, "percent_covered": 87.5, "percent_covered_display": "88", "missing_lines": 4, "excluded_lines": 0, "percent_statements_covered": 87.5, "percent_statements_covered_display": "88"}, "missing_lines": [75, 88, 90, 94], "excluded_lines": []}, "quent/_variants.pxi": {"executed_lines": [21, 31, 32, 36, 37, 41, 42, 43, 52, 53, 55, 56, 57, 58, 59, 60, 61, 65, 69, 70, 74, 75, 89, 90, 91], "summary": {"covered_lines": 25, "num_statements": 29, "percent_covered": 86.20689655172414, "percent_covered_display": "86", "missing_lines": 4, "excluded_lines": 0, "percent_statements_covered": 86.20689655172414, "percent_statements_covered_display": "86"}, "missing_lines": [19, 67, 72, 87], "excluded_lines": []}, "quent/quent.pxd": {"executed_lines": [20], "summary": {"covered_lines": 1, "num_statements": 2, "percent_covered": 50.0, "percent_covered_display": "50", "missing_lines": 1, "excluded_lines": 0, "percent_statements_covered": 50.0, "percent_statements_covered_display": "50"}, "missing_lines": [19], "excluded_lines": []}, "quent/quent.pyx": {"executed_lines": [1, 17, 18, 19, 20, 21, 22, 23, 24, 27, 31, 32, 33, 34, 36, 44, 46, 47, 49, 50, 53, 54, 55, 56, 57, 58, 63, 64, 67, 68], "summary": {"covered_lines": 30, "num_statements": 32, "percent_covered": 93.75, "percent_covered_display": "94", "missing_lines": 2, "excluded_lines": 0, "percent_statements_covered": 93.75, "percent_statements_covered_display": "94"}, "missing_lines": [59, 60], "excluded_lines": []}}, "totals": {"covered_lines": 1135, "num_statements": 1261, "percent_covered": 90.00793021411579, "percent_covered_display": "90", "missing_lines": 126, "excluded_lines": 0, "percent_statements_covered": 90.00793021411579, "percent_statements_covered_display": "90"}}